<?xml version="1.0" encoding="UTF-8"?>
<robot generator="Robot 7.3.2 (Python 3.13.7 on win32)" generated="2025-10-22T15:25:36.079421" rpa="false" schemaversion="5">
<suite id="s1" name="TestCases" source="E:\POC_Project2\TestCases">
<suite id="s1-s1" name="TC 001 Site Launch" source="E:\POC_Project2\TestCases\TC_001_Site_Launch.robot">
<test id="s1-s1-t1" name="Open Browser From Config" line="6">
<kw name="Fetch Property" owner="BaseClass">
<msg time="2025-10-22T15:25:36.616459" level="INFO">${URL} = https://naveenautomationlabs.com/opencart/</msg>
<var>${URL}</var>
<arg>appURL</arg>
<status status="PASS" start="2025-10-22T15:25:36.615345" elapsed="0.001214"/>
</kw>
<kw name="Fetch Property" owner="BaseClass">
<msg time="2025-10-22T15:25:36.617169" level="INFO">${BROWSER} = chrome</msg>
<var>${BROWSER}</var>
<arg>browser</arg>
<status status="PASS" start="2025-10-22T15:25:36.616833" elapsed="0.000413"/>
</kw>
<kw name="Open Browser" owner="SeleniumLibrary">
<msg time="2025-10-22T15:25:36.618068" level="INFO">Opening browser 'chrome' to base url 'https://naveenautomationlabs.com/opencart/'.</msg>
<arg>${URL}</arg>
<arg>${BROWSER}</arg>
<doc>Opens a new browser instance to the optional ``url``.</doc>
<status status="PASS" start="2025-10-22T15:25:36.617532" elapsed="18.591279"/>
</kw>
<kw name="Maximize Browser Window" owner="SeleniumLibrary">
<doc>Maximizes current browser window.</doc>
<status status="PASS" start="2025-10-22T15:25:56.736967" elapsed="1.107498"/>
</kw>
<kw name="Sleep" owner="BuiltIn">
<msg time="2025-10-22T15:26:02.933952" level="INFO">Slept 5 seconds.</msg>
<arg>5s</arg>
<doc>Pauses the test executed for the given time.</doc>
<status status="PASS" start="2025-10-22T15:25:57.845132" elapsed="5.120313"/>
</kw>
<kw name="Title Should Be" owner="SeleniumLibrary">
<msg time="2025-10-22T15:26:03.228001" level="INFO">Page title is 'Your Store'.</msg>
<arg>Your Store</arg>
<doc>Verifies that the current page title equals ``title``.</doc>
<status status="PASS" start="2025-10-22T15:26:02.966194" elapsed="0.266675"/>
</kw>
<kw name="Close Browser" owner="SeleniumLibrary">
<doc>Closes the current browser.</doc>
<status status="PASS" start="2025-10-22T15:26:03.233824" elapsed="10.921553"/>
</kw>
<status status="PASS" start="2025-10-22T15:25:36.613773" elapsed="37.543565"/>
</test>
<status status="PASS" start="2025-10-22T15:25:36.186076" elapsed="37.975067"/>
</suite>
<status status="PASS" start="2025-10-22T15:25:36.147516" elapsed="38.015933"/>
</suite>
<statistics>
<total>
<stat pass="1" fail="0" skip="0">All Tests</stat>
</total>
<tag>
</tag>
<suite>
<stat name="TestCases" id="s1" pass="1" fail="0" skip="0">TestCases</stat>
<stat name="TC 001 Site Launch" id="s1-s1" pass="1" fail="0" skip="0">TestCases.TC 001 Site Launch</stat>
</suite>
</statistics>
<errors>
</errors>
</robot>
