<?xml version="1.0" encoding="UTF-8"?>
<robot generator="Robot 7.3.2 (Python 3.13.7 on win32)" generated="2025-10-22T15:25:36.041783" rpa="false" schemaversion="5">
<suite id="s1" name="TestCases" source="E:\POC_Project2\TestCases">
<suite id="s1-s1" name="TC 005 Add To Cart" source="E:\POC_Project2\TestCases\TC_005_Add_To_Cart.robot">
<test id="s1-s1-t1" name="User Login In" line="20">
<kw name="Open Application" type="SETUP">
<kw name="Fetch Property" owner="BaseClass">
<msg time="2025-10-22T15:25:36.609797" level="INFO">${URL} = https://naveenautomationlabs.com/opencart/</msg>
<var>${URL}</var>
<arg>appURL</arg>
<status status="PASS" start="2025-10-22T15:25:36.609068" elapsed="0.000812"/>
</kw>
<kw name="Fetch Property" owner="BaseClass">
<msg time="2025-10-22T15:25:36.610601" level="INFO">${BROWSER} = chrome</msg>
<var>${BROWSER}</var>
<arg>browser</arg>
<status status="PASS" start="2025-10-22T15:25:36.610220" elapsed="0.000436"/>
</kw>
<kw name="Open Browser" owner="SeleniumLibrary">
<msg time="2025-10-22T15:25:36.611309" level="INFO">Opening browser 'chrome' to base url 'https://naveenautomationlabs.com/opencart/'.</msg>
<arg>${URL}</arg>
<arg>${BROWSER}</arg>
<doc>Opens a new browser instance to the optional ``url``.</doc>
<status status="PASS" start="2025-10-22T15:25:36.610897" elapsed="26.453640"/>
</kw>
<kw name="Maximize Browser Window" owner="SeleniumLibrary">
<doc>Maximizes current browser window.</doc>
<status status="PASS" start="2025-10-22T15:26:03.075113" elapsed="0.203638"/>
</kw>
<kw name="Sleep" owner="BuiltIn">
<msg time="2025-10-22T15:26:04.294790" level="INFO">Slept 1 second.</msg>
<arg>1s</arg>
<doc>Pauses the test executed for the given time.</doc>
<status status="PASS" start="2025-10-22T15:26:03.280093" elapsed="1.015111"/>
</kw>
<status status="PASS" start="2025-10-22T15:25:36.607562" elapsed="27.696154"/>
</kw>
<kw name="Peform Login">
<kw name="Fetch Property" owner="BaseClass">
<msg time="2025-10-22T15:26:04.349154" level="INFO">${USERNAME} = user@xyz.com</msg>
<var>${USERNAME}</var>
<arg>username</arg>
<status status="PASS" start="2025-10-22T15:26:04.348201" elapsed="0.001083"/>
</kw>
<kw name="Fetch Property" owner="BaseClass">
<msg time="2025-10-22T15:26:04.350197" level="INFO">${PASSWORD} = User@123</msg>
<var>${PASSWORD}</var>
<arg>password</arg>
<status status="PASS" start="2025-10-22T15:26:04.349642" elapsed="0.000660"/>
</kw>
<kw name="Click Account" owner="HomePage">
<msg time="2025-10-22T15:26:04.351686" level="INFO">Clicking element '//span[text()='My Account']'.</msg>
<status status="PASS" start="2025-10-22T15:26:04.350701" elapsed="4.012393"/>
</kw>
<kw name="Sleep" owner="BuiltIn">
<msg time="2025-10-22T15:26:09.372327" level="INFO">Slept 1 second.</msg>
<arg>1s</arg>
<doc>Pauses the test executed for the given time.</doc>
<status status="PASS" start="2025-10-22T15:26:08.363669" elapsed="1.008986"/>
</kw>
<kw name="Click Login" owner="HomePage">
<msg time="2025-10-22T15:26:09.376128" level="INFO">Clicking element '//ul//a[text()='Login']'.</msg>
<status status="PASS" start="2025-10-22T15:26:09.373519" elapsed="1.357749"/>
</kw>
<kw name="Enter Login Email" owner="LoginPage">
<msg time="2025-10-22T15:26:10.733409" level="INFO">Typing text 'user@xyz.com' into text field 'id=input-email'.</msg>
<arg>${USERNAME}</arg>
<status status="PASS" start="2025-10-22T15:26:10.732050" elapsed="1.175735"/>
</kw>
<kw name="Enter Login Password" owner="LoginPage">
<msg time="2025-10-22T15:26:11.911118" level="INFO">Typing text 'User@123' into text field 'id=input-password'.</msg>
<arg>${PASSWORD}</arg>
<status status="PASS" start="2025-10-22T15:26:11.908306" elapsed="0.763639"/>
</kw>
<kw name="Click Login Button" owner="LoginPage">
<msg time="2025-10-22T15:26:12.673074" level="INFO">Clicking element '//input[@type='submit']'.</msg>
<status status="PASS" start="2025-10-22T15:26:12.672351" elapsed="1.088493"/>
</kw>
<kw name="Sleep" owner="BuiltIn">
<msg time="2025-10-22T15:26:14.762513" level="INFO">Slept 1 second.</msg>
<arg>1s</arg>
<doc>Pauses the test executed for the given time.</doc>
<status status="PASS" start="2025-10-22T15:26:13.761269" elapsed="1.001545"/>
</kw>
<status status="PASS" start="2025-10-22T15:26:04.325000" elapsed="10.438148"/>
</kw>
<kw name="Sleep" owner="BuiltIn">
<msg time="2025-10-22T15:26:17.766180" level="INFO">Slept 3 seconds.</msg>
<arg>3s</arg>
<doc>Pauses the test executed for the given time.</doc>
<status status="PASS" start="2025-10-22T15:26:14.763482" elapsed="3.003296"/>
</kw>
<kw name="Click Logo" owner="HomePage">
<msg time="2025-10-22T15:26:17.784384" level="INFO">Clicking element '//div[@id='logo']/a/img'.</msg>
<status status="PASS" start="2025-10-22T15:26:17.782427" elapsed="4.018245"/>
</kw>
<kw name="Sleep" owner="BuiltIn">
<msg time="2025-10-22T15:26:22.852932" level="INFO">Slept 1 second.</msg>
<arg>1s</arg>
<doc>Pauses the test executed for the given time.</doc>
<status status="PASS" start="2025-10-22T15:26:21.801222" elapsed="1.054009"/>
</kw>
<kw name="Add Iphone To Cart" owner="HomePage">
<msg time="2025-10-22T15:26:22.939803" level="INFO">Clicking element '//a[text()='iPhone']//..//../following-sibling::div//span[text()='Add to Cart']'.</msg>
<status status="PASS" start="2025-10-22T15:26:22.855967" elapsed="4.185889"/>
</kw>
<kw name="Add Macbook To Cart" owner="HomePage">
<msg time="2025-10-22T15:26:27.044062" level="INFO">Clicking element '//a[text()='MacBook']//..//../following-sibling::div//span[text()='Add to Cart']'.</msg>
<status status="PASS" start="2025-10-22T15:26:27.042367" elapsed="3.055416"/>
</kw>
<kw name="Click Cart" owner="HomePage">
<msg time="2025-10-22T15:26:30.099003" level="INFO">Clicking element '//a[@title='Shopping Cart']'.</msg>
<status status="PASS" start="2025-10-22T15:26:30.098426" elapsed="2.665356"/>
</kw>
<kw name="Sleep" owner="BuiltIn">
<msg time="2025-10-22T15:26:33.775730" level="INFO">Slept 1 second.</msg>
<arg>1s</arg>
<doc>Pauses the test executed for the given time.</doc>
<status status="PASS" start="2025-10-22T15:26:32.764257" elapsed="1.011863"/>
</kw>
<kw name="Iphone Is Visible In Cart" owner="AddToCartPage">
<kw name="Page Should Contain Element" owner="SeleniumLibrary">
<msg time="2025-10-22T15:26:36.485732" level="INFO" html="true">&lt;/td&gt;&lt;/tr&gt;&lt;tr&gt;&lt;td colspan="3"&gt;&lt;a href="selenium-screenshot-1.png"&gt;&lt;img src="selenium-screenshot-1.png" width="800px"&gt;&lt;/a&gt;</msg>
<msg time="2025-10-22T15:26:36.489202" level="FAIL">Page should have contained element '//h1[contains(text(),'Shopping Cart')]/..//a[text()='iPhone']' but did not.</msg>
<arg>//h1[contains(text(),'Shopping Cart')]/..//a[text()='iPhone']</arg>
<doc>Verifies that element ``locator`` is found on the current page.</doc>
<status status="FAIL" start="2025-10-22T15:26:33.783578" elapsed="2.754657">Page should have contained element '//h1[contains(text(),'Shopping Cart')]/..//a[text()='iPhone']' but did not.</status>
</kw>
<msg time="2025-10-22T15:26:36.541243" level="WARN">Iphone is not added to Cart</msg>
<msg time="2025-10-22T15:26:36.543447" level="INFO">Traceback (most recent call last):
    ~~~~~~~~~~~~~~~~~~~~~~~~~~~~~~~~~~~~~~~~~~~~~~~~~~~~~~~~~~~~~~~~~~~~~~~~~~
    File  E:\POC_Project2\TestCases\TC_005_Add_To_Cart.robot:20
    T:  User Login In    
    ~~~~~~~~~~~~~~~~~~~~~~~~~~~~~~~~~~~~~~~~~~~~~~~~~~~~~~~~~~~~~~~~~~~~~~~~~~
    File  E:\POC_Project2\TestCases\TC_005_Add_To_Cart.robot:29
      Iphone Is Visible In Cart    
    ~~~~~~~~~~~~~~~~~~~~~~~~~~~~~~~~~~~~~~~~~~~~~~~~~~~~~~~~~~~~~~~~~~~~~~~~~~
    File  E:\POC_Project2\TestCases\TC_005_Add_To_Cart.robot:29
      Page Should Contain Element    //h1[contains(text(),'Shopping Cart')]/..//a[text()='iPhone']
______________________________________________________________________________</msg>
<status status="PASS" start="2025-10-22T15:26:33.776585" elapsed="2.767663"/>
</kw>
<kw name="Macbook Is Visible In Cart" owner="AddToCartPage">
<kw name="Page Should Contain Element" owner="SeleniumLibrary">
<msg time="2025-10-22T15:26:36.633587" level="INFO">Current page contains element '//h1[contains(text(),'Shopping Cart')]/..//a[text()='MacBook']'.</msg>
<arg>//h1[contains(text(),'Shopping Cart')]/..//a[text()='MacBook']</arg>
<doc>Verifies that element ``locator`` is found on the current page.</doc>
<status status="PASS" start="2025-10-22T15:26:36.548021" elapsed="0.086918"/>
</kw>
<msg time="2025-10-22T15:26:36.635684" level="INFO">Macbook is added to Cart</msg>
<status status="PASS" start="2025-10-22T15:26:36.545243" elapsed="0.090769"/>
</kw>
<kw name="Close Browser" owner="SeleniumLibrary" type="TEARDOWN">
<doc>Closes the current browser.</doc>
<status status="PASS" start="2025-10-22T15:26:36.639524" elapsed="2.307353"/>
</kw>
<status status="PASS" start="2025-10-22T15:25:36.606495" elapsed="62.340506"/>
</test>
<status status="PASS" start="2025-10-22T15:25:36.126356" elapsed="62.821900"/>
</suite>
<status status="PASS" start="2025-10-22T15:25:36.085175" elapsed="63.009740"/>
</suite>
<statistics>
<total>
<stat pass="1" fail="0" skip="0">All Tests</stat>
</total>
<tag>
</tag>
<suite>
<stat name="TestCases" id="s1" pass="1" fail="0" skip="0">TestCases</stat>
<stat name="TC 005 Add To Cart" id="s1-s1" pass="1" fail="0" skip="0">TestCases.TC 005 Add To Cart</stat>
</suite>
</statistics>
<errors>
<msg time="2025-10-22T15:26:36.541243" level="WARN">Iphone is not added to Cart</msg>
</errors>
</robot>
